<?xml version="1.0" encoding="UTF-8"?>
<!-- Generated by org.testng.reporters.JUnitXMLReporter -->
<testsuite hostname="Ankits-MacBook-Pro.local" ignored="0" name="AirVisual API Test" tests="3" failures="0" timestamp="04 Aug 2019 05:13:12 GMT" time="8.78" errors="0">
  <testcase name="test_numberOfStatesinAustralia" time="1.944" classname="com.qa.api.tests.AirAPITest"/>
  <testcase name="test_NearestCityAndCoordinates" time="1.032" classname="com.qa.api.tests.AirAPITest"/>
  <testcase name="test_LatitudeAndLongitudeTemperature" time="1.072" classname="com.qa.api.tests.AirAPITest"/>
</testsuite> <!-- AirVisual API Test -->
